\BOOKMARK [1][-]{section.1}{INTRODUCTION}{}% 1
\BOOKMARK [1][-]{section.2}{BACKGROUND}{}% 2
\BOOKMARK [2][-]{subsection.2.1}{Project Framework}{section.2}% 3
\BOOKMARK [3][-]{subsubsection.2.1.1}{Project Specifications and Requirements}{subsection.2.1}% 4
\BOOKMARK [3][-]{subsubsection.2.1.2}{Assumptions}{subsection.2.1}% 5
\BOOKMARK [3][-]{subsubsection.2.1.3}{Constraints}{subsection.2.1}% 6
\BOOKMARK [3][-]{subsubsection.2.1.4}{Success Criteria}{subsection.2.1}% 7
\BOOKMARK [2][-]{subsection.2.2}{Related Work}{section.2}% 8
\BOOKMARK [1][-]{section.3}{SYSTEM OVERVIEW}{}% 9
\BOOKMARK [1][-]{section.4}{IMPLEMENTATION}{}% 10
\BOOKMARK [2][-]{subsection.4.1}{Dataset}{section.4}% 11
\BOOKMARK [2][-]{subsection.4.2}{Preprocessing \046 Segmentation}{section.4}% 12
\BOOKMARK [2][-]{subsection.4.3}{Feature Extraction}{section.4}% 13
\BOOKMARK [3][-]{subsubsection.4.3.1}{Time Domain Features}{subsection.4.3}% 14
\BOOKMARK [3][-]{subsubsection.4.3.2}{Wavelet Features}{subsection.4.3}% 15
\BOOKMARK [3][-]{subsubsection.4.3.3}{Frequency Domain Features}{subsection.4.3}% 16
\BOOKMARK [3][-]{subsubsection.4.3.4}{Cepstrum Features}{subsection.4.3}% 17
\BOOKMARK [2][-]{subsection.4.4}{Classification}{section.4}% 18
\BOOKMARK [3][-]{subsubsection.4.4.1}{Artificial Neural Network}{subsection.4.4}% 19
\BOOKMARK [3][-]{subsubsection.4.4.2}{Support Vector Machines}{subsection.4.4}% 20
\BOOKMARK [3][-]{subsubsection.4.4.3}{XGBoost}{subsection.4.4}% 21
\BOOKMARK [1][-]{section.5}{RESULTS}{}% 22
\BOOKMARK [1][-]{section.6}{CRITICAL ANALYSIS}{}% 23
\BOOKMARK [1][-]{section.7}{FUTURE RECOMMENDATIONS}{}% 24
\BOOKMARK [1][-]{section.8}{CONCLUSION}{}% 25
\BOOKMARK [1][-]{section.1}{Reflection on Group Work}{}% 26
\BOOKMARK [2][-]{subsection.1.1}{Introduction}{section.1}% 27
\BOOKMARK [2][-]{subsection.1.2}{Work Division}{section.1}% 28
\BOOKMARK [2][-]{subsection.1.3}{Lessons Learned}{section.1}% 29
\BOOKMARK [2][-]{subsection.1.4}{Personal Reflection}{section.1}% 30
\BOOKMARK [2][-]{subsection.1.5}{Conclusion}{section.1}% 31
\BOOKMARK [1][-]{section.2}{Project Specification}{}% 32
\BOOKMARK [1][-]{section.3}{Project Plan}{}% 33
\BOOKMARK [1][-]{section.4}{ETHICS CLEARANCE CERTIFICATE}{}% 34
\BOOKMARK [1][-]{section.5}{Heart Sound Classes}{}% 35
\BOOKMARK [1][-]{section.6}{Preprocessing \046 Segmentation Phase}{}% 36
\BOOKMARK [1][-]{section.7}{Feature Extraction}{}% 37
\BOOKMARK [2][-]{subsection.7.1}{Time Domain Features}{section.7}% 38
\BOOKMARK [2][-]{subsection.7.2}{Wavelet Features}{section.7}% 39
\BOOKMARK [2][-]{subsection.7.3}{Frequency Domain Features}{section.7}% 40
\BOOKMARK [3][-]{subsubsection.7.3.1}{Computation of the FFTSHA}{subsection.7.3}% 41
\BOOKMARK [3][-]{subsubsection.7.3.2}{Extracted Features}{subsection.7.3}% 42
\BOOKMARK [2][-]{subsection.7.4}{Cepstrum Features}{section.7}% 43
\BOOKMARK [1][-]{section.8}{Results}{}% 44
\BOOKMARK [1][-]{section.9}{MEETINGS MINUTES}{}% 45
